INFO2022-10-15 00:58:08,134 autoreload 677 Watching for file changes with StatReloader
INFO2022-10-15 00:58:26,447 basehttp 187 "GET / HTTP/1.1" 200 10681
WARNING2022-10-15 00:58:26,558 log 241 Not Found: /favicon.ico
WARNING2022-10-15 00:58:26,559 basehttp 187 "GET /favicon.ico HTTP/1.1" 404 2115
INFO2022-10-15 01:00:03,495 autoreload 266 D:\testProEnv\gitPro\pythonProjets\fbProjects\meiduoOnlineShop\meiduo_mail\meiduo_mail\settings\dev.py changed, reloading.
INFO2022-10-15 01:00:09,689 autoreload 677 Watching for file changes with StatReloader
INFO2022-10-15 01:00:36,300 autoreload 266 D:\testProEnv\gitPro\pythonProjets\fbProjects\meiduoOnlineShop\meiduo_mail\meiduo_mail\settings\dev.py changed, reloading.
INFO2022-10-15 01:00:36,793 autoreload 677 Watching for file changes with StatReloader
INFO2022-10-15 01:00:42,376 autoreload 266 D:\testProEnv\gitPro\pythonProjets\fbProjects\meiduoOnlineShop\meiduo_mail\meiduo_mail\settings\dev.py changed, reloading.
INFO2022-10-15 01:00:42,838 autoreload 677 Watching for file changes with StatReloader
INFO2022-10-15 01:00:53,634 autoreload 266 D:\testProEnv\gitPro\pythonProjets\fbProjects\meiduoOnlineShop\meiduo_mail\meiduo_mail\settings\dev.py changed, reloading.
INFO2022-10-15 01:00:54,108 autoreload 677 Watching for file changes with StatReloader
INFO2022-10-15 01:00:57,540 autoreload 266 D:\testProEnv\gitPro\pythonProjets\fbProjects\meiduoOnlineShop\meiduo_mail\meiduo_mail\settings\dev.py changed, reloading.
INFO2022-10-15 01:00:58,011 autoreload 677 Watching for file changes with StatReloader
INFO2022-10-15 01:08:58,623 autoreload 266 D:\testProEnv\gitPro\pythonProjets\fbProjects\meiduoOnlineShop\meiduo_mail\meiduo_mail\settings\dev.py changed, reloading.
INFO 2022-10-15 01:08:59,145 autoreload 677 Watching for file changes with StatReloader
INFO 2022-10-15 01:09:05,608 basehttp 187 "GET / HTTP/1.1" 200 10681
WARNING 2022-10-15 01:09:05,767 log 241 Not Found: /favicon.ico
WARNING 2022-10-15 01:09:05,768 basehttp 187 "GET /favicon.ico HTTP/1.1" 404 2115
INFO 2022-10-15 01:20:21,219 autoreload 266 D:\testProEnv\gitPro\pythonProjets\fbProjects\meiduoOnlineShop\meiduo_mail\meiduo_mail\settings\dev.py changed, reloading.
INFO 2022-10-15 01:20:21,732 autoreload 677 Watching for file changes with StatReloader
INFO 2022-10-15 01:20:35,742 autoreload 266 D:\testProEnv\gitPro\pythonProjets\fbProjects\meiduoOnlineShop\meiduo_mail\meiduo_mail\settings\dev.py changed, reloading.
INFO 2022-10-15 01:20:36,234 autoreload 677 Watching for file changes with StatReloader
INFO 2022-10-15 01:21:59,053 autoreload 677 Watching for file changes with StatReloader
INFO 2022-10-15 16:34:01,432 autoreload 677 Watching for file changes with StatReloader
INFO 2022-10-15 16:34:13,328 autoreload 266 D:\testProEnv\gitPro\pythonProjets\fbProjects\meiduoOnlineShop\meiduo_mail\meiduo_mail\settings\dev.py changed, reloading.
INFO 2022-10-15 16:34:13,838 autoreload 677 Watching for file changes with StatReloader
INFO 2022-10-15 16:34:48,799 autoreload 266 D:\testProEnv\gitPro\pythonProjets\fbProjects\meiduoOnlineShop\meiduo_mail\meiduo_mail\settings\dev.py changed, reloading.
INFO 2022-10-15 16:34:49,254 autoreload 677 Watching for file changes with StatReloader
INFO 2022-10-15 16:35:19,987 autoreload 266 D:\testProEnv\gitPro\pythonProjets\fbProjects\meiduoOnlineShop\meiduo_mail\meiduo_mail\settings\dev.py changed, reloading.
INFO 2022-10-15 16:35:20,476 autoreload 677 Watching for file changes with StatReloader
INFO 2022-10-15 16:39:51,328 autoreload 266 D:\testProEnv\gitPro\pythonProjets\fbProjects\meiduoOnlineShop\meiduo_mail\meiduo_mail\settings\dev.py changed, reloading.
INFO 2022-10-15 16:39:51,833 autoreload 677 Watching for file changes with StatReloader
INFO 2022-10-15 16:40:00,478 autoreload 266 D:\testProEnv\gitPro\pythonProjets\fbProjects\meiduoOnlineShop\meiduo_mail\meiduo_mail\settings\dev.py changed, reloading.
INFO 2022-10-15 16:40:00,970 autoreload 677 Watching for file changes with StatReloader
INFO 2022-10-15 16:40:23,307 autoreload 266 D:\testProEnv\gitPro\pythonProjets\fbProjects\meiduoOnlineShop\meiduo_mail\meiduo_mail\settings\dev.py changed, reloading.
INFO 2022-10-15 16:40:23,814 autoreload 677 Watching for file changes with StatReloader
INFO 2022-10-15 16:42:00,491 autoreload 266 D:\testProEnv\gitPro\pythonProjets\fbProjects\meiduoOnlineShop\meiduo_mail\meiduo_mail\settings\dev.py changed, reloading.
INFO 2022-10-15 16:42:00,956 autoreload 677 Watching for file changes with StatReloader
INFO 2022-10-15 16:42:37,048 autoreload 266 D:\testProEnv\gitPro\pythonProjets\fbProjects\meiduoOnlineShop\meiduo_mail\meiduo_mail\settings\dev.py changed, reloading.
INFO 2022-10-15 16:42:37,479 autoreload 677 Watching for file changes with StatReloader
INFO 2022-10-15 16:44:11,784 autoreload 266 D:\testProEnv\gitPro\pythonProjets\fbProjects\meiduoOnlineShop\meiduo_mail\meiduo_mail\settings\dev.py changed, reloading.
INFO 2022-10-15 16:44:12,266 autoreload 677 Watching for file changes with StatReloader
INFO 2022-10-15 16:45:21,840 autoreload 677 Watching for file changes with StatReloader
INFO 2022-10-15 16:45:47,487 autoreload 266 D:\testProEnv\gitPro\pythonProjets\fbProjects\meiduoOnlineShop\meiduo_mail\meiduo_mail\settings\dev.py changed, reloading.
INFO 2022-10-15 16:45:47,877 autoreload 677 Watching for file changes with StatReloader
INFO 2022-10-15 16:46:01,311 autoreload 266 D:\testProEnv\gitPro\pythonProjets\fbProjects\meiduoOnlineShop\meiduo_mail\meiduo_mail\settings\dev.py changed, reloading.
INFO 2022-10-15 16:46:01,724 autoreload 677 Watching for file changes with StatReloader
INFO 2022-10-15 16:46:09,732 autoreload 677 Watching for file changes with StatReloader
INFO 2022-10-15 16:47:18,058 autoreload 266 D:\testProEnv\gitPro\pythonProjets\fbProjects\meiduoOnlineShop\meiduo_mail\meiduo_mail\settings\dev.py changed, reloading.
INFO 2022-10-15 16:47:19,252 autoreload 677 Watching for file changes with StatReloader
INFO 2022-10-15 16:47:37,185 autoreload 677 Watching for file changes with StatReloader
INFO 2022-10-15 16:47:53,732 autoreload 266 D:\testProEnv\gitPro\pythonProjets\fbProjects\meiduoOnlineShop\meiduo_mail\meiduo_mail\settings\dev.py changed, reloading.
INFO 2022-10-15 16:47:54,128 autoreload 677 Watching for file changes with StatReloader
INFO 2022-10-15 16:47:55,345 autoreload 677 Watching for file changes with StatReloader
INFO 2022-10-15 16:49:33,895 autoreload 677 Watching for file changes with StatReloader
INFO 2022-10-15 16:49:47,368 autoreload 266 D:\testProEnv\gitPro\pythonProjets\fbProjects\meiduoOnlineShop\meiduo_mail\meiduo_mail\settings\dev.py changed, reloading.
INFO 2022-10-15 16:49:47,785 autoreload 677 Watching for file changes with StatReloader
INFO 2022-10-15 16:49:48,217 autoreload 677 Watching for file changes with StatReloader
INFO 2022-10-15 16:51:04,526 autoreload 266 D:\testProEnv\gitPro\pythonProjets\fbProjects\meiduoOnlineShop\meiduo_mail\meiduo_mail\settings\dev.py changed, reloading.
INFO 2022-10-15 16:51:05,276 autoreload 266 D:\testProEnv\gitPro\pythonProjets\fbProjects\meiduoOnlineShop\meiduo_mail\meiduo_mail\settings\dev.py changed, reloading.
INFO 2022-10-15 16:51:05,650 autoreload 677 Watching for file changes with StatReloader
INFO 2022-10-15 16:51:06,963 autoreload 677 Watching for file changes with StatReloader
INFO 2022-10-15 16:51:52,794 autoreload 677 Watching for file changes with StatReloader
INFO 2022-10-15 16:52:32,871 autoreload 677 Watching for file changes with StatReloader
INFO 2022-10-15 16:52:41,241 autoreload 266 D:\testProEnv\gitPro\pythonProjets\fbProjects\meiduoOnlineShop\meiduo_mail\meiduo_mail\settings\dev.py changed, reloading.
INFO 2022-10-15 16:52:41,698 autoreload 677 Watching for file changes with StatReloader
INFO 2022-10-15 16:52:52,433 autoreload 266 D:\testProEnv\gitPro\pythonProjets\fbProjects\meiduoOnlineShop\meiduo_mail\meiduo_mail\settings\dev.py changed, reloading.
INFO 2022-10-15 16:52:52,822 autoreload 677 Watching for file changes with StatReloader
INFO 2022-10-15 16:52:55,444 autoreload 677 Watching for file changes with StatReloader
INFO 2022-10-15 16:53:07,923 autoreload 266 D:\testProEnv\gitPro\pythonProjets\fbProjects\meiduoOnlineShop\meiduo_mail\meiduo_mail\settings\dev.py changed, reloading.
INFO 2022-10-15 16:53:08,293 autoreload 677 Watching for file changes with StatReloader
INFO 2022-10-15 16:53:27,931 autoreload 266 D:\testProEnv\gitPro\pythonProjets\fbProjects\meiduoOnlineShop\meiduo_mail\meiduo_mail\settings\dev.py changed, reloading.
INFO 2022-10-15 16:53:28,343 autoreload 677 Watching for file changes with StatReloader
INFO 2022-10-15 16:53:53,122 autoreload 266 D:\testProEnv\gitPro\pythonProjets\fbProjects\meiduoOnlineShop\meiduo_mail\meiduo_mail\settings\dev.py changed, reloading.
INFO 2022-10-15 16:53:53,567 autoreload 677 Watching for file changes with StatReloader
INFO 2022-10-15 16:54:07,134 autoreload 266 D:\testProEnv\gitPro\pythonProjets\fbProjects\meiduoOnlineShop\meiduo_mail\meiduo_mail\settings\dev.py changed, reloading.
INFO 2022-10-15 16:54:07,522 autoreload 677 Watching for file changes with StatReloader
INFO 2022-10-15 16:56:38,970 autoreload 266 D:\testProEnv\gitPro\pythonProjets\fbProjects\meiduoOnlineShop\meiduo_mail\meiduo_mail\settings\dev.py changed, reloading.
INFO 2022-10-15 16:56:39,406 autoreload 677 Watching for file changes with StatReloader
INFO 2022-10-15 16:56:45,729 autoreload 266 D:\testProEnv\gitPro\pythonProjets\fbProjects\meiduoOnlineShop\meiduo_mail\meiduo_mail\settings\dev.py changed, reloading.
INFO 2022-10-15 16:56:46,127 autoreload 677 Watching for file changes with StatReloader
INFO 2022-10-15 16:56:47,309 autoreload 677 Watching for file changes with StatReloader
INFO 2022-10-15 16:57:15,241 autoreload 266 D:\testProEnv\gitPro\pythonProjets\fbProjects\meiduoOnlineShop\meiduo_mail\meiduo_mail\settings\dev.py changed, reloading.
INFO 2022-10-15 16:57:15,639 autoreload 677 Watching for file changes with StatReloader
INFO 2022-10-15 16:57:17,912 autoreload 677 Watching for file changes with StatReloader
INFO 2022-10-15 16:57:47,649 autoreload 266 D:\testProEnv\gitPro\pythonProjets\fbProjects\meiduoOnlineShop\meiduo_mail\meiduo_mail\settings\dev.py changed, reloading.
INFO 2022-10-15 16:57:48,028 autoreload 677 Watching for file changes with StatReloader
INFO 2022-10-15 16:57:50,816 autoreload 677 Watching for file changes with StatReloader
INFO 2022-10-15 16:57:58,190 autoreload 266 D:\testProEnv\gitPro\pythonProjets\fbProjects\meiduoOnlineShop\meiduo_mail\meiduo_mail\settings\dev.py changed, reloading.
INFO 2022-10-15 16:57:58,563 autoreload 677 Watching for file changes with StatReloader
INFO 2022-10-15 16:58:01,126 autoreload 677 Watching for file changes with StatReloader
INFO 2022-10-15 16:58:51,359 autoreload 266 D:\testProEnv\gitPro\pythonProjets\fbProjects\meiduoOnlineShop\meiduo_mail\meiduo_mail\settings\dev.py changed, reloading.
INFO 2022-10-15 17:00:29,266 autoreload 677 Watching for file changes with StatReloader
INFO 2022-10-15 17:00:48,772 autoreload 266 D:\testProEnv\gitPro\pythonProjets\fbProjects\meiduoOnlineShop\meiduo_mail\meiduo_mail\settings\dev.py changed, reloading.
INFO 2022-10-15 17:00:49,150 autoreload 677 Watching for file changes with StatReloader
INFO 2022-10-15 17:00:50,402 autoreload 677 Watching for file changes with StatReloader
INFO 2022-10-15 17:01:06,835 autoreload 266 D:\testProEnv\gitPro\pythonProjets\fbProjects\meiduoOnlineShop\meiduo_mail\meiduo_mail\settings\dev.py changed, reloading.
INFO 2022-10-15 17:01:07,213 autoreload 677 Watching for file changes with StatReloader
INFO 2022-10-15 17:01:08,158 autoreload 677 Watching for file changes with StatReloader
INFO 2022-10-15 17:01:18,505 autoreload 266 D:\testProEnv\gitPro\pythonProjets\fbProjects\meiduoOnlineShop\meiduo_mail\meiduo_mail\settings\dev.py changed, reloading.
INFO 2022-10-15 17:01:19,461 autoreload 677 Watching for file changes with StatReloader
INFO 2022-10-15 17:01:56,346 autoreload 266 D:\testProEnv\gitPro\pythonProjets\fbProjects\meiduoOnlineShop\meiduo_mail\meiduo_mail\settings\dev.py changed, reloading.
INFO 2022-10-15 17:01:56,778 autoreload 677 Watching for file changes with StatReloader
INFO 2022-10-15 17:25:56,190 autoreload 677 Watching for file changes with StatReloader
INFO 2022-10-15 17:26:17,736 autoreload 266 D:\testProEnv\gitPro\pythonProjets\fbProjects\meiduoOnlineShop\meiduo_mail\meiduo_mail\settings\dev.py changed, reloading.
INFO 2022-10-15 17:26:18,176 autoreload 677 Watching for file changes with StatReloader
INFO 2022-10-15 17:26:20,624 autoreload 677 Watching for file changes with StatReloader
INFO 2022-10-15 17:26:27,277 autoreload 677 Watching for file changes with StatReloader
INFO 2022-10-15 17:26:41,992 autoreload 677 Watching for file changes with StatReloader
INFO 2022-10-15 17:27:36,588 autoreload 266 D:\testProEnv\gitPro\pythonProjets\fbProjects\meiduoOnlineShop\meiduo_mail\meiduo_mail\settings\dev.py changed, reloading.
INFO 2022-10-15 17:27:36,976 autoreload 677 Watching for file changes with StatReloader
INFO 2022-10-15 17:27:39,476 autoreload 677 Watching for file changes with StatReloader
INFO 2022-10-15 17:27:54,758 autoreload 677 Watching for file changes with StatReloader
INFO 2022-10-15 17:30:35,973 autoreload 266 D:\testProEnv\gitPro\pythonProjets\fbProjects\meiduoOnlineShop\meiduo_mail\meiduo_mail\settings\dev.py changed, reloading.
INFO 2022-10-15 17:30:36,501 autoreload 677 Watching for file changes with StatReloader
INFO 2022-10-15 17:31:03,073 autoreload 266 D:\testProEnv\gitPro\pythonProjets\fbProjects\meiduoOnlineShop\meiduo_mail\meiduo_mail\settings\dev.py changed, reloading.
INFO 2022-10-15 17:31:04,035 autoreload 677 Watching for file changes with StatReloader
INFO 2022-10-15 17:31:14,944 autoreload 266 D:\testProEnv\gitPro\pythonProjets\fbProjects\meiduoOnlineShop\meiduo_mail\meiduo_mail\settings\dev.py changed, reloading.
INFO 2022-10-15 17:31:15,396 autoreload 677 Watching for file changes with StatReloader
INFO 2022-10-15 17:32:09,105 autoreload 677 Watching for file changes with StatReloader
INFO 2022-10-15 17:33:19,803 autoreload 266 D:\testProEnv\gitPro\pythonProjets\fbProjects\meiduoOnlineShop\meiduo_mail\meiduo_mail\settings\dev.py changed, reloading.
INFO 2022-10-15 17:33:20,296 autoreload 677 Watching for file changes with StatReloader
INFO 2022-10-15 17:38:41,732 autoreload 266 D:\testProEnv\gitPro\pythonProjets\fbProjects\meiduoOnlineShop\meiduo_mail\meiduo_mail\settings\dev.py changed, reloading.
INFO 2022-10-15 17:38:42,166 autoreload 677 Watching for file changes with StatReloader
INFO 2022-10-15 17:38:58,750 autoreload 266 D:\testProEnv\gitPro\pythonProjets\fbProjects\meiduoOnlineShop\meiduo_mail\meiduo_mail\settings\dev.py changed, reloading.
INFO 2022-10-15 17:38:59,275 autoreload 677 Watching for file changes with StatReloader
INFO 2022-10-15 17:49:53,558 autoreload 266 D:\testProEnv\gitPro\pythonProjets\fbProjects\meiduoOnlineShop\meiduo_mail\meiduo_mail\urls.py changed, reloading.
INFO 2022-10-15 17:49:54,070 autoreload 677 Watching for file changes with StatReloader
INFO 2022-10-15 17:50:04,914 autoreload 266 D:\testProEnv\gitPro\pythonProjets\fbProjects\meiduoOnlineShop\meiduo_mail\meiduo_mail\urls.py changed, reloading.
INFO 2022-10-15 17:50:05,443 autoreload 677 Watching for file changes with StatReloader
INFO 2022-10-15 18:11:55,380 autoreload 677 Watching for file changes with StatReloader
WARNING 2022-10-15 18:12:19,514 log 241 Not Found: /sms_codes/15107637250
WARNING 2022-10-15 18:12:19,515 basehttp 187 "GET /sms_codes/15107637250 HTTP/1.1" 404 2247
WARNING 2022-10-15 18:12:19,597 log 241 Not Found: /favicon.ico
WARNING 2022-10-15 18:12:19,598 basehttp 187 "GET /favicon.ico HTTP/1.1" 404 2217
WARNING 2022-10-15 18:12:23,404 log 241 Not Found: /sms_codes/15107637250/
WARNING 2022-10-15 18:12:23,405 basehttp 187 "GET /sms_codes/15107637250/ HTTP/1.1" 404 2250
INFO 2022-10-15 18:12:56,639 autoreload 266 D:\testProEnv\gitPro\pythonProjets\fbProjects\meiduoOnlineShop\meiduo_mail\meiduo_mail\urls.py changed, reloading.
INFO 2022-10-15 18:12:57,108 autoreload 677 Watching for file changes with StatReloader
WARNING 2022-10-15 18:13:01,855 log 241 Not Found: /sms_codes/15107637250/
WARNING 2022-10-15 18:13:01,855 basehttp 187 "GET /sms_codes/15107637250/ HTTP/1.1" 404 2336
WARNING 2022-10-15 18:13:28,276 log 241 Not Found: /sms_codes/15107637250/
WARNING 2022-10-15 18:13:28,276 basehttp 187 "GET /sms_codes/15107637250/ HTTP/1.1" 404 2336
WARNING 2022-10-15 18:13:49,709 log 241 Not Found: /sms_codes/15107637250
WARNING 2022-10-15 18:13:49,709 basehttp 187 "GET /sms_codes/15107637250 HTTP/1.1" 404 2333
WARNING 2022-10-15 18:13:54,221 log 241 Not Found: /sms_codes/15107637250/
WARNING 2022-10-15 18:13:54,222 basehttp 187 "GET /sms_codes/15107637250/ HTTP/1.1" 404 2336
WARNING 2022-10-15 18:14:05,879 log 241 Not Found: /sms_codes/15107637250/
WARNING 2022-10-15 18:14:05,880 basehttp 187 "GET /sms_codes/15107637250/ HTTP/1.1" 404 2336
INFO 2022-10-15 18:14:18,040 autoreload 266 D:\testProEnv\gitPro\pythonProjets\fbProjects\meiduoOnlineShop\meiduo_mail\meiduo_mail\apps\verifications\urls.py changed, reloading.
INFO 2022-10-15 18:14:18,491 autoreload 677 Watching for file changes with StatReloader
WARNING 2022-10-15 18:14:20,355 log 241 Not Found: /sms_codes/15107637250/
WARNING 2022-10-15 18:14:20,356 basehttp 187 "GET /sms_codes/15107637250/ HTTP/1.1" 404 2336
INFO 2022-10-15 18:15:50,210 autoreload 266 D:\testProEnv\gitPro\pythonProjets\fbProjects\meiduoOnlineShop\meiduo_mail\meiduo_mail\apps\verifications\urls.py changed, reloading.
INFO 2022-10-15 18:15:50,676 autoreload 677 Watching for file changes with StatReloader
INFO 2022-10-15 18:15:56,202 autoreload 266 D:\testProEnv\gitPro\pythonProjets\fbProjects\meiduoOnlineShop\meiduo_mail\meiduo_mail\apps\verifications\urls.py changed, reloading.
INFO 2022-10-15 18:15:56,676 autoreload 677 Watching for file changes with StatReloader
WARNING 2022-10-15 18:16:08,174 log 241 Not Found: /sms_codes/15107637250/
WARNING 2022-10-15 18:16:08,175 basehttp 187 "GET /sms_codes/15107637250/ HTTP/1.1" 404 2337
INFO 2022-10-15 18:16:25,327 autoreload 266 D:\testProEnv\gitPro\pythonProjets\fbProjects\meiduoOnlineShop\meiduo_mail\meiduo_mail\apps\verifications\urls.py changed, reloading.
INFO 2022-10-15 18:16:25,774 autoreload 677 Watching for file changes with StatReloader
WARNING 2022-10-15 18:16:28,227 log 241 Not Found: /sms_codes/15107637250/
WARNING 2022-10-15 18:16:28,227 basehttp 187 "GET /sms_codes/15107637250/ HTTP/1.1" 404 2337
INFO 2022-10-15 18:16:36,653 autoreload 266 D:\testProEnv\gitPro\pythonProjets\fbProjects\meiduoOnlineShop\meiduo_mail\meiduo_mail\apps\verifications\urls.py changed, reloading.
INFO 2022-10-15 18:16:37,135 autoreload 677 Watching for file changes with StatReloader
INFO 2022-10-15 18:16:41,093 views 20 367940
ERROR 2022-10-15 18:16:43,149 exceptions 27 [<verifications.views.SMSCodeView object at 0x000001CE8C13E3D0>] Error 10061 connecting to 127.0.0.1:6379. 由于目标计算机积极拒绝，无法连接。.
ERROR 2022-10-15 18:16:43,183 log 241 Insufficient Storage: /sms_codes/15107637250/
ERROR 2022-10-15 18:16:43,183 basehttp 187 "GET /sms_codes/15107637250/ HTTP/1.1" 507 5316
INFO 2022-10-15 18:16:43,974 autoreload 266 D:\testProEnv\gitPro\pythonProjets\fbProjects\meiduoOnlineShop\meiduo_mail\meiduo_mail\apps\verifications\urls.py changed, reloading.
INFO 2022-10-15 18:16:44,431 autoreload 677 Watching for file changes with StatReloader
INFO 2022-10-15 18:16:45,969 basehttp 187 "GET /static/rest_framework/js/csrf.js HTTP/1.1" 200 1719
INFO 2022-10-15 18:16:45,970 basehttp 187 "GET /static/rest_framework/css/bootstrap.min.css HTTP/1.1" 200 121457
INFO 2022-10-15 18:16:45,975 basehttp 187 "GET /static/rest_framework/css/bootstrap-tweaks.css HTTP/1.1" 200 3385
INFO 2022-10-15 18:16:45,975 basehttp 187 "GET /static/rest_framework/js/default.js HTTP/1.1" 200 1268
INFO 2022-10-15 18:16:45,976 basehttp 187 "GET /static/rest_framework/js/prettify-min.js HTTP/1.1" 200 13632
INFO 2022-10-15 18:16:45,977 basehttp 187 "GET /static/rest_framework/js/bootstrap.min.js HTTP/1.1" 200 39680
INFO 2022-10-15 18:16:45,984 basehttp 187 "GET /static/rest_framework/img/grid.png HTTP/1.1" 200 1458
INFO 2022-10-15 18:17:17,645 views 20 134588
ERROR 2022-10-15 18:17:17,705 exceptions 27 [<verifications.views.SMSCodeView object at 0x0000028FC791CB80>] Redis is loading the dataset in memory
ERROR 2022-10-15 18:17:17,719 log 241 Insufficient Storage: /sms_codes/15107637250/
ERROR 2022-10-15 18:17:17,720 basehttp 187 "GET /sms_codes/15107637250/ HTTP/1.1" 507 5316
INFO 2022-10-15 18:17:17,739 basehttp 187 "GET /static/rest_framework/css/prettify.css HTTP/1.1" 200 817
INFO 2022-10-15 18:17:17,739 basehttp 187 "GET /static/rest_framework/css/default.css HTTP/1.1" 200 1152
INFO 2022-10-15 18:17:17,745 basehttp 187 "GET /static/rest_framework/js/ajax-form.js HTTP/1.1" 200 3597
INFO 2022-10-15 18:17:17,768 basehttp 187 "GET /static/rest_framework/js/jquery-3.5.1.min.js HTTP/1.1" 200 89476
INFO 2022-10-15 18:17:29,988 views 20 301225
INFO 2022-10-15 18:17:29,992 basehttp 187 "GET /sms_codes/15107637250/ HTTP/1.1" 200 5279
